<?xml version="1.0" encoding="UTF-8"?>
<!-- Generated by org.testng.reporters.JUnitReportReporter -->
<testsuite hostname="iMoney-MYLP108.local" name="SeleniumSampleProject.SeleniumSampleProject.AppTest" tests="1" failures="0" timestamp="21 Jan 2019 12:45:38 GMT" time="0.004" errors="0">
  <testcase name="testApp" time="0.004" classname="SeleniumSampleProject.SeleniumSampleProject.AppTest"/>
</testsuite> <!-- SeleniumSampleProject.SeleniumSampleProject.AppTest -->
