<?xml version="1.0" encoding="UTF-8"?>
<!-- Generated by org.testng.reporters.JUnitReportReporter -->
<testsuite hostname="iMoney-MYLP108" name="testRunner.TestNGRunner" tests="1" failures="0" timestamp="26 Jan 2019 13:32:06 GMT" time="18.175" errors="0">
  <testcase name="feature" time="18.175" classname="testRunner.TestNGRunner"/>
</testsuite> <!-- testRunner.TestNGRunner -->
