<?xml version="1.0" encoding="UTF-8"?>
<!-- Generated by org.testng.reporters.JUnitReportReporter -->
<testsuite hostname="iMoney-MYLP108" name="testRunner.AbstractTestRunner" tests="1" failures="0" timestamp="26 Jan 2019 10:56:36 GMT" time="17.979" errors="0">
  <testcase name="feature" time="17.979" classname="testRunner.AbstractTestRunner"/>
</testsuite> <!-- testRunner.AbstractTestRunner -->
